[debug] [2018-03-06T17:50:45.485Z] ----------------------------------------------------------------------
[debug] [2018-03-06T17:50:45.488Z] Command:       C:\Program Files\nodejs\node.exe C:\Users\kfk\AppData\Roaming\npm\node_modules\firebase-tools\bin\firebase serve
[debug] [2018-03-06T17:50:45.489Z] CLI Version:   3.17.4
[debug] [2018-03-06T17:50:45.489Z] Platform:      win32
[debug] [2018-03-06T17:50:45.489Z] Node Version:  v7.9.0
[debug] [2018-03-06T17:50:45.490Z] Time:          Tue Mar 06 2018 12:50:45 GMT-0500 (Eastern Standard Time)
[debug] [2018-03-06T17:50:45.490Z] ----------------------------------------------------------------------
[debug] 
[debug] [2018-03-06T17:50:45.508Z] > command requires scopes: ["email","openid","https://www.googleapis.com/auth/cloudplatformprojects.readonly","https://www.googleapis.com/auth/firebase","https://www.googleapis.com/auth/cloud-platform"]
[debug] [2018-03-06T17:50:45.509Z] > authorizing via signed-in user
[debug] [2018-03-06T17:50:45.513Z] >>> HTTP REQUEST GET https://admin.firebase.com/v1/projects/makernet-3507c  
  
 Tue Mar 06 2018 12:50:45 GMT-0500 (Eastern Standard Time)
[debug] [2018-03-06T17:50:46.206Z] <<< HTTP RESPONSE 200
[debug] [2018-03-06T17:50:46.207Z] >>> HTTP REQUEST GET https://admin.firebase.com/v1/database/makernet-3507c/tokens  
  
 Tue Mar 06 2018 12:50:46 GMT-0500 (Eastern Standard Time)
[debug] [2018-03-06T17:50:46.611Z] <<< HTTP RESPONSE 200
[info] 
[info] === Serving from 'C:\Users\kfk\Google Drive\Spring 2018\ITIS-6177\makernet'...
[info] 
[debug] [2018-03-06T17:50:46.614Z] >>> HTTP REQUEST GET https://cloudresourcemanager.googleapis.com/v1/projects/makernet-3507c  
  
 Tue Mar 06 2018 12:50:46 GMT-0500 (Eastern Standard Time)
[debug] [2018-03-06T17:50:46.924Z] <<< HTTP RESPONSE 200
[debug] [2018-03-06T17:50:46.924Z] >>> HTTP REQUEST GET https://mobilesdk-pa.googleapis.com/v1/projects/845855278019/clients/_:getWebAppConfig  
  
 Tue Mar 06 2018 12:50:46 GMT-0500 (Eastern Standard Time)
[debug] [2018-03-06T17:50:47.267Z] <<< HTTP RESPONSE 200
[info] i  hosting: Serving hosting files from: dist
[info] +  hosting: Local server: http://localhost:5000

